2025-05-19 11:33:06,625 - INFO - ====== WebDriver manager ======
2025-05-19 11:33:09,395 - INFO - Get LATEST chromedriver version for google-chrome
2025-05-19 11:33:30,485 - ERROR - Erreur lors de l'initialisation du driver: Could not reach host. Are you offline?
2025-05-19 11:33:30,488 - ERROR - Erreur principale: Could not reach host. Are you offline?
2025-05-19 11:41:36,363 - INFO - ====== WebDriver manager ======
2025-05-19 11:41:38,791 - INFO - Get LATEST chromedriver version for google-chrome
2025-05-19 11:41:39,075 - INFO - Get LATEST chromedriver version for google-chrome
2025-05-19 11:41:39,248 - INFO - Get LATEST chromedriver version for google-chrome
2025-05-19 11:41:39,648 - INFO - WebDriver version 136.0.7103.94 selected
2025-05-19 11:41:39,655 - INFO - Modern chrome version https://storage.googleapis.com/chrome-for-testing-public/136.0.7103.94/win32/chromedriver-win32.zip
2025-05-19 11:41:39,657 - INFO - About to download new driver from https://storage.googleapis.com/chrome-for-testing-public/136.0.7103.94/win32/chromedriver-win32.zip
2025-05-19 11:41:39,892 - INFO - Driver downloading response is 200
2025-05-19 11:41:42,830 - INFO - Get LATEST chromedriver version for google-chrome
2025-05-19 11:41:44,411 - INFO - Driver has been saved in cache [C:\Users\proprietaire\.wdm\drivers\chromedriver\win64\136.0.7103.94]
2025-05-19 11:41:45,767 - INFO - 
==================================================
Scraping category: machine à laver
==================================================
2025-05-19 11:41:45,769 - INFO - Scraping page 1: https://www.cdiscount.com/search/10/machine+à+laver.html?page=1
2025-05-19 11:41:51,755 - INFO - Cookies acceptés
2025-05-19 11:41:53,351 - INFO - Found 0 products
2025-05-19 11:41:55,352 - INFO - 
==================================================
Scraping category: réfrigérateur
==================================================
2025-05-19 11:41:55,354 - INFO - Scraping page 1: https://www.cdiscount.com/search/10/réfrigérateur.html?page=1
2025-05-19 11:42:00,085 - WARNING - Could not accept cookies: Message: no such element: Unable to locate element: {"method":"css selector","selector":"[id="footer_tc_privacy_button_2"]"}
  (Session info: chrome=136.0.7103.113); For documentation on this error, please visit: https://www.selenium.dev/documentation/webdriver/troubleshooting/errors#no-such-element-exception
Stacktrace:
	GetHandleVerifier [0x00F2FC83+61635]
	GetHandleVerifier [0x00F2FCC4+61700]
	(No symbol) [0x00D505D3]
	(No symbol) [0x00D9899E]
	(No symbol) [0x00D98D3B]
	(No symbol) [0x00DE0E12]
	(No symbol) [0x00DBD2E4]
	(No symbol) [0x00DDE61B]
	(No symbol) [0x00DBD096]
	(No symbol) [0x00D8C840]
	(No symbol) [0x00D8D6A4]
	GetHandleVerifier [0x011B45A3+2701795]
	GetHandleVerifier [0x011AFD26+2683238]
	GetHandleVerifier [0x011CAA6E+2793134]
	GetHandleVerifier [0x00F46945+155013]
	GetHandleVerifier [0x00F4D02D+181357]
	GetHandleVerifier [0x00F374D8+92440]
	GetHandleVerifier [0x00F37680+92864]
	GetHandleVerifier [0x00F22070+5296]
	BaseThreadInitThunk [0x765E5D49+25]
	RtlInitializeExceptionChain [0x7750D03B+107]
	RtlGetAppContainerNamedObjectPath [0x7750CFC1+561]

2025-05-19 11:42:00,119 - INFO - Found 0 products
2025-05-19 11:42:02,121 - INFO - 
==================================================
Scraping category: lave-vaisselle
==================================================
2025-05-19 11:42:02,123 - INFO - Scraping page 1: https://www.cdiscount.com/search/10/lave-vaisselle.html?page=1
2025-05-19 11:42:07,051 - WARNING - Could not accept cookies: Message: no such element: Unable to locate element: {"method":"css selector","selector":"[id="footer_tc_privacy_button_2"]"}
  (Session info: chrome=136.0.7103.113); For documentation on this error, please visit: https://www.selenium.dev/documentation/webdriver/troubleshooting/errors#no-such-element-exception
Stacktrace:
	GetHandleVerifier [0x00F2FC83+61635]
	GetHandleVerifier [0x00F2FCC4+61700]
	(No symbol) [0x00D505D3]
	(No symbol) [0x00D9899E]
	(No symbol) [0x00D98D3B]
	(No symbol) [0x00DE0E12]
	(No symbol) [0x00DBD2E4]
	(No symbol) [0x00DDE61B]
	(No symbol) [0x00DBD096]
	(No symbol) [0x00D8C840]
	(No symbol) [0x00D8D6A4]
	GetHandleVerifier [0x011B45A3+2701795]
	GetHandleVerifier [0x011AFD26+2683238]
	GetHandleVerifier [0x011CAA6E+2793134]
	GetHandleVerifier [0x00F46945+155013]
	GetHandleVerifier [0x00F4D02D+181357]
	GetHandleVerifier [0x00F374D8+92440]
	GetHandleVerifier [0x00F37680+92864]
	GetHandleVerifier [0x00F22070+5296]
	BaseThreadInitThunk [0x765E5D49+25]
	RtlInitializeExceptionChain [0x7750D03B+107]
	RtlGetAppContainerNamedObjectPath [0x7750CFC1+561]

2025-05-19 11:42:07,067 - INFO - Found 0 products
2025-05-19 11:42:09,069 - WARNING - No products scraped
2025-05-19 11:42:11,528 - INFO - Navigateur fermé
